I, [2020-03-19T14:25:30.610540 #27196]  INFO -- : Registered expected interaction GET /dogs
D, [2020-03-19T14:25:30.612200 #27196] DEBUG -- : {
  "description": "a request for dogs",
  "providerState": "I have one dog",
  "request": {
    "method": "GET",
    "path": "/dogs",
    "headers": {
      "Accept": "application/json"
    }
  },
  "response": {
    "status": 200,
    "headers": {
      "Content-Type": "application/json; charset=utf-8"
    },
    "body": [
      {
        "dogs": [
          "bulldog",
          "schafer",
          "pug"
        ]
      }
    ]
  }
}
I, [2020-03-19T14:25:30.623042 #27196]  INFO -- : Received request GET /dogs
D, [2020-03-19T14:25:30.624119 #27196] DEBUG -- : {
  "path": "/dogs",
  "query": "",
  "method": "get",
  "headers": {
    "Accept": "application/json",
    "User-Agent": "axios/0.19.0",
    "Host": "localhost:8992",
    "Connection": "close",
    "Version": "HTTP/1.1"
  }
}
I, [2020-03-19T14:25:30.625542 #27196]  INFO -- : Found matching response for GET /dogs
D, [2020-03-19T14:25:30.626539 #27196] DEBUG -- : {
  "status": 200,
  "headers": {
    "Content-Type": "application/json; charset=utf-8"
  },
  "body": [
    {
      "dogs": [
        "bulldog",
        "schafer",
        "pug"
      ]
    }
  ]
}
I, [2020-03-19T14:25:30.637339 #27196]  INFO -- : Verifying - interactions matched
I, [2020-03-19T14:25:30.647581 #27196]  INFO -- : Cleared interactions
I, [2020-03-19T14:25:30.656384 #27196]  INFO -- : Writing pact for DogProvider to /home/runar/dev/work/cdc/knowledgeExchange/consumer/pacts/dogconsumer-dogprovider.json
